<?xml version="1.0" encoding="UTF-8"?>
<testsuite name="JUnit Jupiter" tests="19" skipped="0" failures="0" errors="0" time="0.128" hostname="DESKTOP-T40GFJV" timestamp="2018-08-04T12:14:54">
<properties>
<property name="awt.toolkit" value="sun.awt.windows.WToolkit"/>
<property name="file.encoding" value="windows-1252"/>
<property name="file.encoding.pkg" value="sun.io"/>
<property name="file.separator" value="\"/>
<property name="java.awt.graphicsenv" value="sun.awt.Win32GraphicsEnvironment"/>
<property name="java.awt.printerjob" value="sun.awt.windows.WPrinterJob"/>
<property name="java.class.path" value="C:\Users\Fabian\Documents\Avantica\Everest\ProyectoEverest\build\classes\java\test;C:\Users\Fabian\Documents\Avantica\Everest\ProyectoEverest\build\resources\test;C:\Users\Fabian\Documents\Avantica\Everest\ProyectoEverest\build\classes\java\main;C:\Users\Fabian\Documents\Avantica\Everest\ProyectoEverest\build\resources\main;C:\Users\Fabian\Documents\Avantica\Everest\ProyectoEverest\build\libs\mysql-connector-java-5.1.46.jar;C:\Users\Fabian\.gradle\caches\modules-2\files-2.1\com.google.guava\guava\23.0\c947004bb13d18182be60077ade044099e4f26f1\guava-23.0.jar;C:\Users\Fabian\.gradle\caches\modules-2\files-2.1\org.junit.jupiter\junit-jupiter-engine\5.1.0\c54b96b465bb5b49c7708d734a4180dd95422754\junit-jupiter-engine-5.1.0.jar;C:\Users\Fabian\.gradle\caches\modules-2\files-2.1\org.junit.jupiter\junit-jupiter-api\5.1.0\370218fbc7ce9cf0600c4b5db400bccdf0c01a48\junit-jupiter-api-5.1.0.jar;C:\Users\Fabian\.gradle\caches\modules-2\files-2.1\org.junit.vintage\junit-vintage-engine\5.1.0\a752dd045d08753ac77622dc83b584dc5abda1e1\junit-vintage-engine-5.1.0.jar;C:\Users\Fabian\.gradle\caches\modules-2\files-2.1\org.junit.platform\junit-platform-runner\1.1.0\d47029ff19c88cdf86324f29e70c6b26adad6c8b\junit-platform-runner-1.1.0.jar;C:\Users\Fabian\.gradle\caches\modules-2\files-2.1\org.junit.platform\junit-platform-launcher\1.1.0\ba098edde4e59cacd9225e238ea3ad9c946684ab\junit-platform-launcher-1.1.0.jar;C:\Users\Fabian\.gradle\caches\modules-2\files-2.1\com.google.code.findbugs\jsr305\1.3.9\40719ea6961c0cb6afaeb6a921eaa1f6afd4cfdf\jsr305-1.3.9.jar;C:\Users\Fabian\.gradle\caches\modules-2\files-2.1\com.google.errorprone\error_prone_annotations\2.0.18\5f65affce1684999e2f4024983835efc3504012e\error_prone_annotations-2.0.18.jar;C:\Users\Fabian\.gradle\caches\modules-2\files-2.1\com.google.j2objc\j2objc-annotations\1.1\ed28ded51a8b1c6b112568def5f4b455e6809019\j2objc-annotations-1.1.jar;C:\Users\Fabian\.gradle\caches\modules-2\files-2.1\org.codehaus.mojo\animal-sniffer-annotations\1.14\775b7e22fb10026eed3f86e8dc556dfafe35f2d5\animal-sniffer-annotations-1.14.jar;C:\Users\Fabian\.gradle\caches\modules-2\files-2.1\org.junit.platform\junit-platform-engine\1.1.0\2596bd4d909e7ea8d029272db4338075445d731b\junit-platform-engine-1.1.0.jar;C:\Users\Fabian\.gradle\caches\modules-2\files-2.1\org.junit.platform\junit-platform-suite-api\1.1.0\ed577e96850aec4a2e610b26b7a09fafb17faef7\junit-platform-suite-api-1.1.0.jar;C:\Users\Fabian\.gradle\caches\modules-2\files-2.1\org.junit.platform\junit-platform-commons\1.1.0\d6aa21029f9cedfb4cc8a9e9efc0bd97987205b8\junit-platform-commons-1.1.0.jar;C:\Users\Fabian\.gradle\caches\modules-2\files-2.1\org.apiguardian\apiguardian-api\1.0.0\3ef5276905e36f4d8055fe3cb0bdcc7503ffc85d\apiguardian-api-1.0.0.jar;C:\Users\Fabian\.gradle\caches\modules-2\files-2.1\org.opentest4j\opentest4j\1.0.0\6f09c598e9ff64bf0ce2fa7e7de49a99ba83c0b4\opentest4j-1.0.0.jar;C:\Users\Fabian\.gradle\caches\modules-2\files-2.1\junit\junit\4.12\2973d150c0dc1fefe998f834810d68f278ea58ec\junit-4.12.jar;C:\Users\Fabian\.gradle\caches\modules-2\files-2.1\org.hamcrest\hamcrest-core\1.3\42a25dc3219429f0e5d060061f71acb49bf010a0\hamcrest-core-1.3.jar;C:\Users\Fabian\.gradle\caches\modules-2\files-2.1\org.junit.platform\junit-platform-console\1.1.0\1ea376db54ab4ec0018c5e99d414e1c7c034387\junit-platform-console-1.1.0.jar;build/tmp/expandedArchives/org.jacoco.agent-0.8.1.jar_8059ed6e1ab8b88aac5d9097fad847bb/jacocoagent.jar"/>
<property name="java.class.version" value="52.0"/>
<property name="java.endorsed.dirs" value="C:\Program Files\Java\jdk1.8.0_121\jre\lib\endorsed"/>
<property name="java.ext.dirs" value="C:\Program Files\Java\jdk1.8.0_121\jre\lib\ext;C:\WINDOWS\Sun\Java\lib\ext"/>
<property name="java.home" value="C:\Program Files\Java\jdk1.8.0_121\jre"/>
<property name="java.io.tmpdir" value="C:\Users\Fabian\AppData\Local\Temp\"/>
<property name="java.library.path" value="C:\Program Files\Java\jdk1.8.0_121\bin;C:\WINDOWS\Sun\Java\bin;C:\WINDOWS\system32;C:\WINDOWS;C:\Program Files (x86)\Razer Chroma SDK\bin;C:\Program Files\Razer Chroma SDK\bin;C:\Program Files (x86)\Common Files\Oracle\Java\javapath;C:\Program Files (x86)\Intel\iCLS Client\;C:\Program Files\Intel\iCLS Client\;C:\Windows\system32;C:\Windows;C:\Windows\System32\Wbem;C:\Windows\System32\WindowsPowerShell\v1.0\;C:\Program Files (x86)\NVIDIA Corporation\PhysX\Common;C:\Program Files (x86)\Intel\Intel(R) Management Engine Components\DAL;C:\Program Files\Intel\Intel(R) Management Engine Components\DAL;C:\Program Files (x86)\Intel\Intel(R) Management Engine Components\IPT;C:\Program Files\Intel\Intel(R) Management Engine Components\IPT;C:\WINDOWS\system32;C:\WINDOWS;C:\WINDOWS\System32\Wbem;C:\WINDOWS\System32\WindowsPowerShell\v1.0\;C:\Program Files\Intel\WiFi\bin\;C:\Program Files\Common Files\Intel\WirelessCommon\;%USERPROFILE%\.dnx\bin;C:\Program Files\Microsoft DNX\Dnvm\;C:\Program Files\Microsoft SQL Server\130\Tools\Binn\;C:\Program Files\nodejs\;C:\Program Files\Java\jdk1.8.0_121\bin;C:\Maven\apache-maven-3.5.3\bin;C:\Program Files\MySQL\MySQL Server 8.0\bin;C:\Program Files (x86)\MySQL\MySQL Utilities 1.6\;C:\WINDOWS\System32\OpenSSH\;C:\Program Files\Git\cmd;C:\Program Files (x86)\gradle-4.8.1\bin;C:\WINDOWS\system32\config\systemprofile\AppData\Local\Microsoft\WindowsApps;C:\WINDOWS\system32\config\systemprofile\.dnx\bin;C:\Ruby23-x64\bin;C:\Users\Fabian\AppData\Local\Microsoft\WindowsApps;C:\Program Files\Intel\WiFi\bin\;C:\Program Files\Common Files\Intel\WirelessCommon\;C:\Users\Fabian\AppData\Roaming\npm;;."/>
<property name="java.runtime.name" value="Java(TM) SE Runtime Environment"/>
<property name="java.runtime.version" value="1.8.0_121-b13"/>
<property name="java.specification.name" value="Java Platform API Specification"/>
<property name="java.specification.vendor" value="Oracle Corporation"/>
<property name="java.specification.version" value="1.8"/>
<property name="java.vendor" value="Oracle Corporation"/>
<property name="java.vendor.url" value="http://java.oracle.com/"/>
<property name="java.vendor.url.bug" value="http://bugreport.sun.com/bugreport/"/>
<property name="java.version" value="1.8.0_121"/>
<property name="java.vm.info" value="mixed mode"/>
<property name="java.vm.name" value="Java HotSpot(TM) 64-Bit Server VM"/>
<property name="java.vm.specification.name" value="Java Virtual Machine Specification"/>
<property name="java.vm.specification.vendor" value="Oracle Corporation"/>
<property name="java.vm.specification.version" value="1.8"/>
<property name="java.vm.vendor" value="Oracle Corporation"/>
<property name="java.vm.version" value="25.121-b13"/>
<property name="line.separator" value="
"/>
<property name="os.arch" value="amd64"/>
<property name="os.name" value="Windows 10"/>
<property name="os.version" value="10.0"/>
<property name="path.separator" value=";"/>
<property name="sun.arch.data.model" value="64"/>
<property name="sun.boot.class.path" value="C:\Program Files\Java\jdk1.8.0_121\jre\lib\resources.jar;C:\Program Files\Java\jdk1.8.0_121\jre\lib\rt.jar;C:\Program Files\Java\jdk1.8.0_121\jre\lib\sunrsasign.jar;C:\Program Files\Java\jdk1.8.0_121\jre\lib\jsse.jar;C:\Program Files\Java\jdk1.8.0_121\jre\lib\jce.jar;C:\Program Files\Java\jdk1.8.0_121\jre\lib\charsets.jar;C:\Program Files\Java\jdk1.8.0_121\jre\lib\jfr.jar;C:\Program Files\Java\jdk1.8.0_121\jre\classes"/>
<property name="sun.boot.library.path" value="C:\Program Files\Java\jdk1.8.0_121\jre\bin"/>
<property name="sun.cpu.endian" value="little"/>
<property name="sun.cpu.isalist" value="amd64"/>
<property name="sun.desktop" value="windows"/>
<property name="sun.io.unicode.encoding" value="UnicodeLittle"/>
<property name="sun.java.command" value="org.junit.platform.console.ConsoleLauncher --details NONE --scan-class-path C:\Users\Fabian\Documents\Avantica\Everest\ProyectoEverest\build\classes\java\main;C:\Users\Fabian\Documents\Avantica\Everest\ProyectoEverest\build\resources\main;C:\Users\Fabian\Documents\Avantica\Everest\ProyectoEverest\build\classes\java\test;C:\Users\Fabian\Documents\Avantica\Everest\ProyectoEverest\build\resources\test -n ^.*Tests?$ --reports-dir C:\Users\Fabian\Documents\Avantica\Everest\ProyectoEverest\build\test-results\junit-platform"/>
<property name="sun.java.launcher" value="SUN_STANDARD"/>
<property name="sun.jnu.encoding" value="Cp1252"/>
<property name="sun.management.compiler" value="HotSpot 64-Bit Tiered Compilers"/>
<property name="sun.os.patch.level" value=""/>
<property name="user.country" value="US"/>
<property name="user.dir" value="C:\Users\Fabian\Documents\Avantica\Everest\ProyectoEverest"/>
<property name="user.home" value="C:\Users\Fabian"/>
<property name="user.language" value="en"/>
<property name="user.name" value="Fabian"/>
<property name="user.script" value=""/>
<property name="user.timezone" value="America/Regina"/>
<property name="user.variant" value=""/>
</properties>
<testcase name="quickSortEmptyArrayTest()" classname="mainTest.AlgorithmsTest" time="0.018">
<system-out><![CDATA[
unique-id: [engine:junit-jupiter]/[class:mainTest.AlgorithmsTest]/[method:quickSortEmptyArrayTest()]
display-name: quickSortEmptyArrayTest()
]]></system-out>
</testcase>
<testcase name="quickSortNullArrayTest()" classname="mainTest.AlgorithmsTest" time="0.001">
<system-out><![CDATA[
unique-id: [engine:junit-jupiter]/[class:mainTest.AlgorithmsTest]/[method:quickSortNullArrayTest()]
display-name: quickSortNullArrayTest()
]]></system-out>
</testcase>
<testcase name="testMedianOdd()" classname="mainTest.CalculationsTest$CalculateNumbers" time="0.021">
<system-out><![CDATA[
unique-id: [engine:junit-jupiter]/[class:mainTest.CalculationsTest]/[nested-class:CalculateNumbers]/[method:testMedianOdd()]
display-name: testMedianOdd()
]]></system-out>
</testcase>
<testcase name="testMax()" classname="mainTest.CalculationsTest$CalculateNumbers" time="0.001">
<system-out><![CDATA[
unique-id: [engine:junit-jupiter]/[class:mainTest.CalculationsTest]/[nested-class:CalculateNumbers]/[method:testMax()]
display-name: testMax()
]]></system-out>
</testcase>
<testcase name="testMin()" classname="mainTest.CalculationsTest$CalculateNumbers" time="0">
<system-out><![CDATA[
unique-id: [engine:junit-jupiter]/[class:mainTest.CalculationsTest]/[nested-class:CalculateNumbers]/[method:testMin()]
display-name: testMin()
]]></system-out>
</testcase>
<testcase name="testMode()" classname="mainTest.CalculationsTest$CalculateNumbers" time="0.001">
<system-out><![CDATA[
unique-id: [engine:junit-jupiter]/[class:mainTest.CalculationsTest]/[nested-class:CalculateNumbers]/[method:testMode()]
display-name: testMode()
]]></system-out>
</testcase>
<testcase name="testAverage()" classname="mainTest.CalculationsTest$CalculateNumbers" time="0.001">
<system-out><![CDATA[
unique-id: [engine:junit-jupiter]/[class:mainTest.CalculationsTest]/[nested-class:CalculateNumbers]/[method:testAverage()]
display-name: testAverage()
]]></system-out>
</testcase>
<testcase name="testMidRange()" classname="mainTest.CalculationsTest$CalculateNumbers" time="0.001">
<system-out><![CDATA[
unique-id: [engine:junit-jupiter]/[class:mainTest.CalculationsTest]/[nested-class:CalculateNumbers]/[method:testMidRange()]
display-name: testMidRange()
]]></system-out>
</testcase>
<testcase name="testVariance()" classname="mainTest.CalculationsTest$CalculateNumbers" time="0.001">
<system-out><![CDATA[
unique-id: [engine:junit-jupiter]/[class:mainTest.CalculationsTest]/[nested-class:CalculateNumbers]/[method:testVariance()]
display-name: testVariance()
]]></system-out>
</testcase>
<testcase name="testQuartileThree()" classname="mainTest.CalculationsTest$CalculateNumbers" time="0">
<system-out><![CDATA[
unique-id: [engine:junit-jupiter]/[class:mainTest.CalculationsTest]/[nested-class:CalculateNumbers]/[method:testQuartileThree()]
display-name: testQuartileThree()
]]></system-out>
</testcase>
<testcase name="testMedianPair()" classname="mainTest.CalculationsTest$CalculateNumbers" time="0.001">
<system-out><![CDATA[
unique-id: [engine:junit-jupiter]/[class:mainTest.CalculationsTest]/[nested-class:CalculateNumbers]/[method:testMedianPair()]
display-name: testMedianPair()
]]></system-out>
</testcase>
<testcase name="testStandardDeviation()" classname="mainTest.CalculationsTest$CalculateNumbers" time="0.001">
<system-out><![CDATA[
unique-id: [engine:junit-jupiter]/[class:mainTest.CalculationsTest]/[nested-class:CalculateNumbers]/[method:testStandardDeviation()]
display-name: testStandardDeviation()
]]></system-out>
</testcase>
<testcase name="testQuartileOne()" classname="mainTest.CalculationsTest$CalculateNumbers" time="0">
<system-out><![CDATA[
unique-id: [engine:junit-jupiter]/[class:mainTest.CalculationsTest]/[nested-class:CalculateNumbers]/[method:testQuartileOne()]
display-name: testQuartileOne()
]]></system-out>
</testcase>
<testcase name="notNumbersTest()" classname="mainTest.StatisticalValidatorTest$CalculateNumbers" time="0.013">
<system-out><![CDATA[
unique-id: [engine:junit-jupiter]/[class:mainTest.StatisticalValidatorTest]/[nested-class:CalculateNumbers]/[method:notNumbersTest()]
display-name: notNumbersTest()
]]></system-out>
</testcase>
<testcase name="correctFileTest()" classname="mainTest.StatisticalValidatorTest$CalculateNumbers" time="0.002">
<system-out><![CDATA[
unique-id: [engine:junit-jupiter]/[class:mainTest.StatisticalValidatorTest]/[nested-class:CalculateNumbers]/[method:correctFileTest()]
display-name: correctFileTest()
]]></system-out>
</testcase>
<testcase name="notExistingFileTest()" classname="mainTest.StatisticalValidatorTest$CalculateNumbers" time="0.001">
<system-out><![CDATA[
unique-id: [engine:junit-jupiter]/[class:mainTest.StatisticalValidatorTest]/[nested-class:CalculateNumbers]/[method:notExistingFileTest()]
display-name: notExistingFileTest()
]]></system-out>
</testcase>
<testcase name="firstLineEmptyTest()" classname="mainTest.StatisticalValidatorTest$CalculateNumbers" time="0.001">
<system-out><![CDATA[
unique-id: [engine:junit-jupiter]/[class:mainTest.StatisticalValidatorTest]/[nested-class:CalculateNumbers]/[method:firstLineEmptyTest()]
display-name: firstLineEmptyTest()
]]></system-out>
</testcase>
<testcase name="emptyFileTest()" classname="mainTest.StatisticalValidatorTest$CalculateNumbers" time="0.001">
<system-out><![CDATA[
unique-id: [engine:junit-jupiter]/[class:mainTest.StatisticalValidatorTest]/[nested-class:CalculateNumbers]/[method:emptyFileTest()]
display-name: emptyFileTest()
]]></system-out>
</testcase>
<testcase name="notCsvFormatTest()" classname="mainTest.StatisticalValidatorTest$CalculateNumbers" time="0.001">
<system-out><![CDATA[
unique-id: [engine:junit-jupiter]/[class:mainTest.StatisticalValidatorTest]/[nested-class:CalculateNumbers]/[method:notCsvFormatTest()]
display-name: notCsvFormatTest()
]]></system-out>
</testcase>
<system-out><![CDATA[
unique-id: [engine:junit-jupiter]
display-name: JUnit Jupiter
]]></system-out>
</testsuite>
